<?xml version="1.0" encoding="UTF-8"?>
<!-- Generated by org.testng.reporters.JUnitReportReporter -->
<testsuite hostname="UliveshLENOVO" failures="0" tests="1" name="com.selenium.testng.PreAndPostCondition" time="0.008" errors="0" timestamp="2024-01-08T09:12:00 IST" skipped="0">
  <testcase classname="com.selenium.testng.PreAndPostCondition" name="postCondition" time="0.008"/>
</testsuite> <!-- com.selenium.testng.PreAndPostCondition -->
