<?xml version="1.0" encoding="UTF-8"?>
<!-- Generated by org.testng.reporters.JUnitReportReporter -->
<testsuite hostname="UliveshLENOVO" failures="0" tests="7" name="com.selenium.testng.PracticeAllAnnotationArgs" time="0.019" errors="0" timestamp="2024-01-08T09:00:50 IST" skipped="0">
  <testcase classname="com.selenium.testng.PracticeAllAnnotationArgs" name="login" time="0.009"/>
  <testcase classname="com.selenium.testng.PracticeAllAnnotationArgs" name="home" time="0.001"/>
  <testcase classname="com.selenium.testng.PracticeAllAnnotationArgs" name="product" time="0.001"/>
  <testcase classname="com.selenium.testng.PracticeAllAnnotationArgs" name="product" time="0.002"/>
  <testcase classname="com.selenium.testng.PracticeAllAnnotationArgs" name="product" time="0.002"/>
  <testcase classname="com.selenium.testng.PracticeAllAnnotationArgs" name="logout" time="0.002"/>
  <testcase classname="com.selenium.testng.PracticeAllAnnotationArgs" name="payment" time="0.002"/>
</testsuite> <!-- com.selenium.testng.PracticeAllAnnotationArgs -->
